[01m[K/ros2_ws/src/quad_swerve_controller/src/quad_swerve_controller.cpp:6:44:[m[K [01;31m[Kerror: [m[Kdefinition of â€˜[01m[KQuadSwerveController::[01;32m[KQuadSwerveController[m[K()[m[Kâ€™ is not in namespace enclosing â€˜[01m[KQuadSwerveController[m[Kâ€™ [[01;31m[K-fpermissive[m[K]
    6 | QuadSwerveController::QuadSwerveController([01;31m[K)[m[K : ControllerInterface()
      |                                            [01;31m[K^[m[K
[01m[K/ros2_ws/src/quad_swerve_controller/src/quad_swerve_controller.cpp:[m[K In constructor â€˜[01m[KQuadSwerveController::[01;32m[KQuadSwerveController[m[K()[m[Kâ€™:
[01m[K/ros2_ws/src/quad_swerve_controller/src/quad_swerve_controller.cpp:6:48:[m[K [01;31m[Kerror: [m[Kclass â€˜[01m[KQuadSwerveController[m[Kâ€™ does not have any field named â€˜[01m[KControllerInterface[m[Kâ€™
    6 | QuadSwerveController::QuadSwerveController() : [01;31m[KControllerInterface[m[K()
      |                                                [01;31m[K^~~~~~~~~~~~~~~~~~~[m[K
[01m[K/ros2_ws/src/quad_swerve_controller/src/quad_swerve_controller.cpp:6:68:[m[K [01;31m[Kerror: [m[Kno matching function for call to â€˜[01m[Krclcpp::Node::Node()[m[Kâ€™
    6 | QuadSwerveController::QuadSwerveController() : ControllerInterface([01;31m[K)[m[K
      |                                                                    [01;31m[K^[m[K
In file included from [01m[K/opt/ros/jazzy/include/rclcpp/rclcpp/executors/single_threaded_executor.hpp:28[m[K,
                 from [01m[K/opt/ros/jazzy/include/rclcpp/rclcpp/executors.hpp:22[m[K,
                 from [01m[K/opt/ros/jazzy/include/rclcpp/rclcpp/rclcpp.hpp:172[m[K,
                 from [01m[K/opt/ros/jazzy/include/pal_statistics/pal_statistics/pal_statistics_utils.hpp:45[m[K,
                 from [01m[K/opt/ros/jazzy/include/pal_statistics/pal_statistics/pal_statistics.hpp:38[m[K,
                 from [01m[K/opt/ros/jazzy/include/pal_statistics/pal_statistics/pal_statistics_macros.hpp:36[m[K,
                 from [01m[K/opt/ros/jazzy/include/hardware_interface/hardware_interface/introspection.hpp:23[m[K,
                 from [01m[K/opt/ros/jazzy/include/hardware_interface/hardware_interface/handle.hpp:33[m[K,
                 from [01m[K/opt/ros/jazzy/include/controller_interface/controller_interface/controller_interface_base.hpp:27[m[K,
                 from [01m[K/opt/ros/jazzy/include/controller_interface/controller_interface/controller_interface.hpp:21[m[K,
                 from [01m[K/ros2_ws/src/quad_swerve_controller/include/quad_swerve_controller/quad_swerve_controller.hpp:3[m[K,
                 from [01m[K/ros2_ws/src/quad_swerve_controller/src/quad_swerve_controller.cpp:1[m[K:
[01m[K/opt/ros/jazzy/include/rclcpp/rclcpp/node.hpp:1629:3:[m[K [01;36m[Knote: [m[Kcandidate: â€˜[01m[Krclcpp::Node::[01;32m[KNode[m[K(const rclcpp::Node&, const std::string&)[m[Kâ€™
 1629 |   [01;36m[KNode[m[K(
      |   [01;36m[K^~~~[m[K
[01m[K/opt/ros/jazzy/include/rclcpp/rclcpp/node.hpp:1629:3:[m[K [01;36m[Knote: [m[K  candidate expects 2 arguments, 0 provided
[01m[K/opt/ros/jazzy/include/rclcpp/rclcpp/node.hpp:103:12:[m[K [01;36m[Knote: [m[Kcandidate: â€˜[01m[Krclcpp::Node::[01;32m[KNode[m[K(const std::string&, const std::string&, const rclcpp::NodeOptions&)[m[Kâ€™
  103 |   explicit [01;36m[KNode[m[K(
      |            [01;36m[K^~~~[m[K
[01m[K/opt/ros/jazzy/include/rclcpp/rclcpp/node.hpp:103:12:[m[K [01;36m[Knote: [m[K  candidate expects 3 arguments, 0 provided
[01m[K/opt/ros/jazzy/include/rclcpp/rclcpp/node.hpp:91:12:[m[K [01;36m[Knote: [m[Kcandidate: â€˜[01m[Krclcpp::Node::[01;32m[KNode[m[K(const std::string&, const rclcpp::NodeOptions&)[m[Kâ€™
   91 |   explicit [01;36m[KNode[m[K(
      |            [01;36m[K^~~~[m[K
[01m[K/opt/ros/jazzy/include/rclcpp/rclcpp/node.hpp:91:12:[m[K [01;36m[Knote: [m[K  candidate expects 2 arguments, 0 provided
[01m[K/ros2_ws/src/quad_swerve_controller/src/quad_swerve_controller.cpp:[m[K At global scope:
[01m[K/ros2_ws/src/quad_swerve_controller/src/quad_swerve_controller.cpp:10:96:[m[K [01;31m[Kerror: [m[Kdefinition of â€˜[01m[Kcontroller_interface::return_type QuadSwerveController::[01;32m[Kinit[m[K(const std::string&)[m[Kâ€™ is not in namespace enclosing â€˜[01m[KQuadSwerveController[m[Kâ€™ [[01;31m[K-fpermissive[m[K]
   10 | urn_type QuadSwerveController::init(const std::string &controller_name[01;31m[K)[m[K
      |                                                                       [01;31m[K^[m[K

[01m[K/ros2_ws/src/quad_swerve_controller/src/quad_swerve_controller.cpp:10:35:[m[K [01;31m[Kerror: [m[Kno declaration matches â€˜[01m[Kcontroller_interface::return_type QuadSwerveController::[01;32m[Kinit[m[K(const std::string&)[m[Kâ€™
   10 | controller_interface::return_type [01;31m[KQuadSwerveController[m[K::init(const std::string &controller_name)
      |                                   [01;31m[K^~~~~~~~~~~~~~~~~~~~[m[K
[01m[K/ros2_ws/src/quad_swerve_controller/src/quad_swerve_controller.cpp:10:35:[m[K [01;36m[Knote: [m[Kno functions named â€˜[01m[Kcontroller_interface::return_type QuadSwerveController::[01;32m[Kinit[m[K(const std::string&)[m[Kâ€™
[01m[K/ros2_ws/src/quad_swerve_controller/include/quad_swerve_controller/quad_swerve_controller.hpp:12:7:[m[K [01;36m[Knote: [m[Kâ€˜[01m[Kclass QuadSwerveController[m[Kâ€™ defined here
   12 | class [01;36m[KQuadSwerveController[m[K : public rclcpp::Node
      |       [01;36m[K^~~~~~~~~~~~~~~~~~~~[m[K
[01m[K/ros2_ws/src/quad_swerve_controller/src/quad_swerve_controller.cpp:16:64:[m[K [01;31m[Kerror: [m[Kdefinition of â€˜[01m[Kcontroller_interface::return_type QuadSwerveController::[01;32m[Kupdate[m[K()[m[Kâ€™ is not in namespace enclosing â€˜[01m[KQuadSwerveController[m[Kâ€™ [[01;31m[K-fpermissive[m[K]
   16 | controller_interface::return_type QuadSwerveController::update([01;31m[K)[m[K
      |                                                                [01;31m[K^[m[K
[01m[K/ros2_ws/src/quad_swerve_controller/src/quad_swerve_controller.cpp:16:35:[m[K [01;31m[Kerror: [m[Kno declaration matches â€˜[01m[Kcontroller_interface::return_type QuadSwerveController::[01;32m[Kupdate[m[K()[m[Kâ€™
   16 | controller_interface::return_type [01;31m[KQuadSwerveController[m[K::update()
      |                                   [01;31m[K^~~~~~~~~~~~~~~~~~~~[m[K
[01m[K/ros2_ws/src/quad_swerve_controller/src/quad_swerve_controller.cpp:16:35:[m[K [01;36m[Knote: [m[Kno functions named â€˜[01m[Kcontroller_interface::return_type QuadSwerveController::[01;32m[Kupdate[m[K()[m[Kâ€™
[01m[K/ros2_ws/src/quad_swerve_controller/include/quad_swerve_controller/quad_swerve_controller.hpp:12:7:[m[K [01;36m[Knote: [m[Kâ€˜[01m[Kclass QuadSwerveController[m[Kâ€™ defined here
   12 | class [01;36m[KQuadSwerveController[m[K : public rclcpp::Node
      |       [01;36m[K^~~~~~~~~~~~~~~~~~~~[m[K
In file included from [01m[K/opt/ros/jazzy/include/class_loader/class_loader/class_loader.hpp:56[m[K,
                 from [01m[K/opt/ros/jazzy/include/pluginlib/pluginlib/class_list_macros.hpp:40[m[K,
                 from [01m[K/ros2_ws/src/quad_swerve_controller/src/quad_swerve_controller.cpp:25[m[K:
[01m[K/ros2_ws/src/quad_swerve_controller/src/quad_swerve_controller.cpp:26:24:[m[K [01;31m[Kerror: [m[Kâ€˜[01m[Kmy_luna_controller[m[Kâ€™ does not name a type
   26 | PLUGINLIB_EXPORT_CLASS([01;31m[Kmy_luna_controller[m[K::QuadSwerveController, controller_interface::ControllerInterface)
      |                        [01;31m[K^~~~~~~~~~~~~~~~~~[m[K
[01m[K/ros2_ws/src/quad_swerve_controller/src/quad_swerve_controller.cpp:[m[K In constructor â€˜[01m[K{anonymous}::ProxyExec0::[01;32m[KProxyExec0[m[K()[m[Kâ€™:
[01m[K/ros2_ws/src/quad_swerve_controller/src/quad_swerve_controller.cpp:26:1:[m[K [01;31m[Kerror: [m[Kâ€˜[01m[K_derived[m[Kâ€™ was not declared in this scope
   26 | [01;31m[KPLUGINLIB_EXPORT_CLASS[m[K(my_luna_controller::QuadSwerveController, controller_interface::ControllerInterface)
      | [01;31m[K^~~~~~~~~~~~~~~~~~~~~~[m[K
[01m[K/ros2_ws/src/quad_swerve_controller/src/quad_swerve_controller.cpp:26:1:[m[K [01;31m[Kerror: [m[Kno matching function for call to â€˜[01m[KregisterPlugin<<expression error>, {anonymous}::ProxyExec0::_base>(const char [41], const char [42])[m[Kâ€™
   26 | [01;31m[KPLUGINLIB_EXPORT_CLASS[m[K(my_luna_controller::QuadSwerveController, controller_interface::ControllerInterface)
      | [01;31m[K^~~~~~~~~~~~~~~~~~~~~~[m[K
In file included from [01m[K/opt/ros/jazzy/include/class_loader/class_loader/class_loader.hpp:55[m[K:
[01m[K/opt/ros/jazzy/include/class_loader/class_loader/class_loader_core.hpp:241:1:[m[K [01;36m[Knote: [m[Kcandidate: â€˜[01m[Ktemplate<class Derived, class Base> class_loader::impl::UniquePtr<class_loader::impl::AbstractMetaObjectBase> class_loader::impl::[01;32m[KregisterPlugin[m[K(const std::string&, const std::string&)[m[Kâ€™
  241 | [01;36m[KregisterPlugin[m[K(const std::string & class_name, const std::string & base_class_name)
      | [01;36m[K^~~~~~~~~~~~~~[m[K
[01m[K/opt/ros/jazzy/include/class_loader/class_loader/class_loader_core.hpp:241:1:[m[K [01;36m[Knote: [m[K  template argument deduction/substitution failed:
[01m[K/ros2_ws/src/quad_swerve_controller/src/quad_swerve_controller.cpp:26:1:[m[K [01;31m[Kerror: [m[Ktemplate argument 1 is invalid
   26 | [01;31m[KPLUGINLIB_EXPORT_CLASS[m[K(my_luna_controller::QuadSwerveController, controller_interface::ControllerInterface)
      | [01;31m[K^~~~~~~~~~~~~~~~~~~~~~[m[K
gmake[2]: *** [CMakeFiles/quad_swerve_controller.dir/build.make:76: CMakeFiles/quad_swerve_controller.dir/src/quad_swerve_controller.cpp.o] Error 1
gmake[1]: *** [CMakeFiles/Makefile2:137: CMakeFiles/quad_swerve_controller.dir/all] Error 2
gmake: *** [Makefile:146: all] Error 2
